15/mar./2023 12:35:54 INFO org.hibernate.validator.internal.util.Version [background-preinit] HV000001: Hibernate Validator 6.2.5.Final
15/mar./2023 12:35:54 INFO org.springframework.boot.StartupInfoLogger [main] Starting MattmdbApplication using Java 11.0.18 on NBOOT42 with PID 32332 (C:\Users\mabossio\Desktop\Bootcamp\Proyecto\back\spring\mattmdb\target\classes started by mabossio in C:\Users\mabossio\Desktop\Bootcamp\Proyecto\back\spring\mattmdb)
15/mar./2023 12:35:54 INFO org.springframework.boot.SpringApplication [main] No active profile set, falling back to 1 default profile: "default"
15/mar./2023 12:35:55 INFO org.springframework.data.repository.config.RepositoryConfigurationDelegate [main] Bootstrapping Spring Data JPA repositories in DEFAULT mode.
15/mar./2023 12:35:55 INFO org.springframework.data.repository.config.RepositoryConfigurationDelegate [main] Finished Spring Data repository scanning in 15 ms. Found 0 JPA repository interfaces.
15/mar./2023 12:35:56 INFO org.springframework.boot.web.embedded.tomcat.TomcatWebServer [main] Tomcat initialized with port(s): 8081 (http)
15/mar./2023 12:35:56 INFO org.apache.juli.logging.DirectJDKLog [main] Initializing ProtocolHandler ["http-nio-8081"]
15/mar./2023 12:35:56 INFO org.apache.juli.logging.DirectJDKLog [main] Starting service [Tomcat]
15/mar./2023 12:35:56 INFO org.apache.juli.logging.DirectJDKLog [main] Starting Servlet engine: [Apache Tomcat/9.0.71]
15/mar./2023 12:35:56 INFO org.apache.juli.logging.DirectJDKLog [main] Initializing Spring embedded WebApplicationContext
15/mar./2023 12:35:56 INFO org.springframework.boot.web.servlet.context.ServletWebServerApplicationContext [main] Root WebApplicationContext: initialization completed in 1641 ms
15/mar./2023 12:35:56 INFO org.hibernate.jpa.internal.util.LogHelper [main] HHH000204: Processing PersistenceUnitInfo [name: default]
15/mar./2023 12:35:56 INFO org.hibernate.Version [main] HHH000412: Hibernate ORM core version 5.6.15.Final
15/mar./2023 12:35:56 INFO org.hibernate.annotations.common.reflection.java.JavaReflectionManager [main] HCANN000001: Hibernate Commons Annotations {5.1.2.Final}
15/mar./2023 12:35:56 INFO com.zaxxer.hikari.HikariDataSource [main] HikariPool-1 - Starting...
15/mar./2023 12:35:57 INFO com.zaxxer.hikari.HikariDataSource [main] HikariPool-1 - Start completed.
15/mar./2023 12:35:57 INFO org.hibernate.dialect.Dialect [main] HHH000400: Using dialect: org.hibernate.dialect.MySQL8Dialect
15/mar./2023 12:35:57 INFO org.hibernate.engine.transaction.jta.platform.internal.JtaPlatformInitiator [main] HHH000490: Using JtaPlatform implementation: [org.hibernate.engine.transaction.jta.platform.internal.NoJtaPlatform]
15/mar./2023 12:35:57 INFO org.springframework.orm.jpa.AbstractEntityManagerFactoryBean [main] Initialized JPA EntityManagerFactory for persistence unit 'default'
15/mar./2023 12:35:57 WARN org.springframework.boot.autoconfigure.orm.jpa.JpaBaseConfiguration$JpaWebConfiguration [main] spring.jpa.open-in-view is enabled by default. Therefore, database queries may be performed during view rendering. Explicitly configure spring.jpa.open-in-view to disable this warning
15/mar./2023 12:35:58 INFO org.apache.juli.logging.DirectJDKLog [main] Starting ProtocolHandler ["http-nio-8081"]
15/mar./2023 12:35:58 INFO org.springframework.boot.web.embedded.tomcat.TomcatWebServer [main] Tomcat started on port(s): 8081 (http) with context path '/mattmdb-1.0-SNAPSHOT/api/v2'
15/mar./2023 12:35:58 INFO org.springframework.boot.StartupInfoLogger [main] Started MattmdbApplication in 4.335 seconds (JVM running for 5.907)
15/mar./2023 12:36:03 INFO org.apache.juli.logging.DirectJDKLog [http-nio-8081-exec-1] Initializing Spring DispatcherServlet 'dispatcherServlet'
15/mar./2023 12:36:03 INFO org.springframework.web.servlet.FrameworkServlet [http-nio-8081-exec-1] Initializing Servlet 'dispatcherServlet'
15/mar./2023 12:36:03 INFO org.springframework.web.servlet.FrameworkServlet [http-nio-8081-exec-1] Completed initialization in 1 ms
15/mar./2023 12:36:36 INFO org.springframework.orm.jpa.AbstractEntityManagerFactoryBean [SpringApplicationShutdownHook] Closing JPA EntityManagerFactory for persistence unit 'default'
15/mar./2023 12:36:36 INFO com.zaxxer.hikari.HikariDataSource [SpringApplicationShutdownHook] HikariPool-1 - Shutdown initiated...
15/mar./2023 12:36:36 INFO com.zaxxer.hikari.HikariDataSource [SpringApplicationShutdownHook] HikariPool-1 - Shutdown completed.
15/mar./2023 12:36:47 INFO org.hibernate.validator.internal.util.Version [background-preinit] HV000001: Hibernate Validator 6.2.5.Final
15/mar./2023 12:36:47 INFO org.springframework.boot.StartupInfoLogger [main] Starting MattmdbApplication using Java 11.0.18 on NBOOT42 with PID 11820 (C:\Users\mabossio\Desktop\Bootcamp\Proyecto\back\spring\mattmdb\target\classes started by mabossio in C:\Users\mabossio\Desktop\Bootcamp\Proyecto\back\spring\mattmdb)
15/mar./2023 12:36:47 INFO org.springframework.boot.SpringApplication [main] No active profile set, falling back to 1 default profile: "default"
15/mar./2023 12:36:48 INFO org.springframework.data.repository.config.RepositoryConfigurationDelegate [main] Bootstrapping Spring Data JPA repositories in DEFAULT mode.
15/mar./2023 12:36:48 INFO org.springframework.data.repository.config.RepositoryConfigurationDelegate [main] Finished Spring Data repository scanning in 15 ms. Found 0 JPA repository interfaces.
15/mar./2023 12:36:48 INFO org.springframework.boot.web.embedded.tomcat.TomcatWebServer [main] Tomcat initialized with port(s): 8081 (http)
15/mar./2023 12:36:48 INFO org.apache.juli.logging.DirectJDKLog [main] Initializing ProtocolHandler ["http-nio-8081"]
15/mar./2023 12:36:48 INFO org.apache.juli.logging.DirectJDKLog [main] Starting service [Tomcat]
15/mar./2023 12:36:48 INFO org.apache.juli.logging.DirectJDKLog [main] Starting Servlet engine: [Apache Tomcat/9.0.71]
15/mar./2023 12:36:48 INFO org.apache.juli.logging.DirectJDKLog [main] Initializing Spring embedded WebApplicationContext
15/mar./2023 12:36:48 INFO org.springframework.boot.web.servlet.context.ServletWebServerApplicationContext [main] Root WebApplicationContext: initialization completed in 1701 ms
15/mar./2023 12:36:49 INFO org.hibernate.jpa.internal.util.LogHelper [main] HHH000204: Processing PersistenceUnitInfo [name: default]
15/mar./2023 12:36:49 INFO org.hibernate.Version [main] HHH000412: Hibernate ORM core version 5.6.15.Final
15/mar./2023 12:36:49 INFO org.hibernate.annotations.common.reflection.java.JavaReflectionManager [main] HCANN000001: Hibernate Commons Annotations {5.1.2.Final}
15/mar./2023 12:36:49 INFO com.zaxxer.hikari.HikariDataSource [main] HikariPool-1 - Starting...
15/mar./2023 12:36:49 INFO com.zaxxer.hikari.HikariDataSource [main] HikariPool-1 - Start completed.
15/mar./2023 12:36:49 INFO org.hibernate.dialect.Dialect [main] HHH000400: Using dialect: org.hibernate.dialect.MySQL8Dialect
15/mar./2023 12:36:50 INFO org.hibernate.engine.transaction.jta.platform.internal.JtaPlatformInitiator [main] HHH000490: Using JtaPlatform implementation: [org.hibernate.engine.transaction.jta.platform.internal.NoJtaPlatform]
15/mar./2023 12:36:50 INFO org.springframework.orm.jpa.AbstractEntityManagerFactoryBean [main] Initialized JPA EntityManagerFactory for persistence unit 'default'
15/mar./2023 12:36:50 WARN org.springframework.boot.autoconfigure.orm.jpa.JpaBaseConfiguration$JpaWebConfiguration [main] spring.jpa.open-in-view is enabled by default. Therefore, database queries may be performed during view rendering. Explicitly configure spring.jpa.open-in-view to disable this warning
15/mar./2023 12:36:50 INFO org.apache.juli.logging.DirectJDKLog [main] Starting ProtocolHandler ["http-nio-8081"]
15/mar./2023 12:36:50 INFO org.springframework.boot.web.embedded.tomcat.TomcatWebServer [main] Tomcat started on port(s): 8081 (http) with context path '/mattmdb-1.0-SNAPSHOT/api/v2'
15/mar./2023 12:36:51 INFO org.springframework.boot.StartupInfoLogger [main] Started MattmdbApplication in 4.474 seconds (JVM running for 6.005)
15/mar./2023 12:37:31 INFO org.apache.juli.logging.DirectJDKLog [http-nio-8081-exec-1] Initializing Spring DispatcherServlet 'dispatcherServlet'
15/mar./2023 12:37:31 INFO org.springframework.web.servlet.FrameworkServlet [http-nio-8081-exec-1] Initializing Servlet 'dispatcherServlet'
15/mar./2023 12:37:31 INFO org.springframework.web.servlet.FrameworkServlet [http-nio-8081-exec-1] Completed initialization in 2 ms
15/mar./2023 12:37:35 INFO org.springframework.orm.jpa.AbstractEntityManagerFactoryBean [SpringApplicationShutdownHook] Closing JPA EntityManagerFactory for persistence unit 'default'
15/mar./2023 12:37:35 INFO com.zaxxer.hikari.HikariDataSource [SpringApplicationShutdownHook] HikariPool-1 - Shutdown initiated...
15/mar./2023 12:37:35 INFO com.zaxxer.hikari.HikariDataSource [SpringApplicationShutdownHook] HikariPool-1 - Shutdown completed.
15/mar./2023 12:37:42 INFO org.springframework.boot.StartupInfoLogger [main] Starting MattmdbApplication using Java 11.0.18 on NBOOT42 with PID 9796 (C:\Users\mabossio\Desktop\Bootcamp\Proyecto\back\spring\mattmdb\target\classes started by mabossio in C:\Users\mabossio\Desktop\Bootcamp\Proyecto\back\spring\mattmdb)
15/mar./2023 12:37:42 INFO org.springframework.boot.SpringApplication [main] No active profile set, falling back to 1 default profile: "default"
15/mar./2023 12:37:42 INFO org.hibernate.validator.internal.util.Version [background-preinit] HV000001: Hibernate Validator 6.2.5.Final
15/mar./2023 12:37:42 INFO org.springframework.data.repository.config.RepositoryConfigurationDelegate [main] Bootstrapping Spring Data JPA repositories in DEFAULT mode.
15/mar./2023 12:37:42 INFO org.springframework.data.repository.config.RepositoryConfigurationDelegate [main] Finished Spring Data repository scanning in 7 ms. Found 0 JPA repository interfaces.
15/mar./2023 12:37:43 INFO org.springframework.boot.web.embedded.tomcat.TomcatWebServer [main] Tomcat initialized with port(s): 8081 (http)
15/mar./2023 12:37:43 INFO org.apache.juli.logging.DirectJDKLog [main] Initializing ProtocolHandler ["http-nio-8081"]
15/mar./2023 12:37:43 INFO org.apache.juli.logging.DirectJDKLog [main] Starting service [Tomcat]
15/mar./2023 12:37:43 INFO org.apache.juli.logging.DirectJDKLog [main] Starting Servlet engine: [Apache Tomcat/9.0.71]
15/mar./2023 12:37:43 INFO org.apache.juli.logging.DirectJDKLog [main] Initializing Spring embedded WebApplicationContext
15/mar./2023 12:37:43 INFO org.springframework.boot.web.servlet.context.ServletWebServerApplicationContext [main] Root WebApplicationContext: initialization completed in 1108 ms
15/mar./2023 12:37:43 INFO org.hibernate.jpa.internal.util.LogHelper [main] HHH000204: Processing PersistenceUnitInfo [name: default]
15/mar./2023 12:37:43 INFO org.hibernate.Version [main] HHH000412: Hibernate ORM core version 5.6.15.Final
15/mar./2023 12:37:43 INFO org.hibernate.annotations.common.reflection.java.JavaReflectionManager [main] HCANN000001: Hibernate Commons Annotations {5.1.2.Final}
15/mar./2023 12:37:43 INFO com.zaxxer.hikari.HikariDataSource [main] HikariPool-1 - Starting...
15/mar./2023 12:37:43 INFO com.zaxxer.hikari.HikariDataSource [main] HikariPool-1 - Start completed.
15/mar./2023 12:37:43 INFO org.hibernate.dialect.Dialect [main] HHH000400: Using dialect: org.hibernate.dialect.MySQL8Dialect
15/mar./2023 12:37:44 INFO org.hibernate.engine.transaction.jta.platform.internal.JtaPlatformInitiator [main] HHH000490: Using JtaPlatform implementation: [org.hibernate.engine.transaction.jta.platform.internal.NoJtaPlatform]
15/mar./2023 12:37:44 INFO org.springframework.orm.jpa.AbstractEntityManagerFactoryBean [main] Initialized JPA EntityManagerFactory for persistence unit 'default'
15/mar./2023 12:37:44 WARN org.springframework.boot.autoconfigure.orm.jpa.JpaBaseConfiguration$JpaWebConfiguration [main] spring.jpa.open-in-view is enabled by default. Therefore, database queries may be performed during view rendering. Explicitly configure spring.jpa.open-in-view to disable this warning
15/mar./2023 12:37:44 INFO org.apache.juli.logging.DirectJDKLog [main] Starting ProtocolHandler ["http-nio-8081"]
15/mar./2023 12:37:44 INFO org.springframework.boot.web.embedded.tomcat.TomcatWebServer [main] Tomcat started on port(s): 8081 (http) with context path '/mattmdb-1.0-SNAPSHOT/api/v2'
15/mar./2023 12:37:44 INFO org.springframework.boot.StartupInfoLogger [main] Started MattmdbApplication in 3.114 seconds (JVM running for 4.022)
15/mar./2023 12:38:09 INFO org.springframework.orm.jpa.AbstractEntityManagerFactoryBean [SpringApplicationShutdownHook] Closing JPA EntityManagerFactory for persistence unit 'default'
15/mar./2023 12:38:09 INFO com.zaxxer.hikari.HikariDataSource [SpringApplicationShutdownHook] HikariPool-1 - Shutdown initiated...
15/mar./2023 12:38:09 INFO com.zaxxer.hikari.HikariDataSource [SpringApplicationShutdownHook] HikariPool-1 - Shutdown completed.
15/mar./2023 12:38:19 INFO org.springframework.boot.StartupInfoLogger [main] Starting MattmdbApplication using Java 11.0.18 on NBOOT42 with PID 15796 (C:\Users\mabossio\Desktop\Bootcamp\Proyecto\back\spring\mattmdb\target\classes started by mabossio in C:\Users\mabossio\Desktop\Bootcamp\Proyecto\back\spring\mattmdb)
15/mar./2023 12:38:19 INFO org.hibernate.validator.internal.util.Version [background-preinit] HV000001: Hibernate Validator 6.2.5.Final
15/mar./2023 12:38:19 INFO org.springframework.boot.SpringApplication [main] No active profile set, falling back to 1 default profile: "default"
15/mar./2023 12:38:20 INFO org.springframework.data.repository.config.RepositoryConfigurationDelegate [main] Bootstrapping Spring Data JPA repositories in DEFAULT mode.
15/mar./2023 12:38:20 INFO org.springframework.data.repository.config.RepositoryConfigurationDelegate [main] Finished Spring Data repository scanning in 19 ms. Found 0 JPA repository interfaces.
15/mar./2023 12:38:21 INFO org.springframework.boot.web.embedded.tomcat.TomcatWebServer [main] Tomcat initialized with port(s): 8081 (http)
15/mar./2023 12:38:21 INFO org.apache.juli.logging.DirectJDKLog [main] Initializing ProtocolHandler ["http-nio-8081"]
15/mar./2023 12:38:21 INFO org.apache.juli.logging.DirectJDKLog [main] Starting service [Tomcat]
15/mar./2023 12:38:21 INFO org.apache.juli.logging.DirectJDKLog [main] Starting Servlet engine: [Apache Tomcat/9.0.71]
15/mar./2023 12:38:21 INFO org.apache.juli.logging.DirectJDKLog [main] Initializing Spring embedded WebApplicationContext
15/mar./2023 12:38:21 INFO org.springframework.boot.web.servlet.context.ServletWebServerApplicationContext [main] Root WebApplicationContext: initialization completed in 1682 ms
15/mar./2023 12:38:21 INFO org.hibernate.jpa.internal.util.LogHelper [main] HHH000204: Processing PersistenceUnitInfo [name: default]
15/mar./2023 12:38:21 INFO org.hibernate.Version [main] HHH000412: Hibernate ORM core version 5.6.15.Final
15/mar./2023 12:38:21 INFO org.hibernate.annotations.common.reflection.java.JavaReflectionManager [main] HCANN000001: Hibernate Commons Annotations {5.1.2.Final}
15/mar./2023 12:38:21 INFO com.zaxxer.hikari.HikariDataSource [main] HikariPool-1 - Starting...
15/mar./2023 12:38:21 INFO com.zaxxer.hikari.HikariDataSource [main] HikariPool-1 - Start completed.
15/mar./2023 12:38:21 INFO org.hibernate.dialect.Dialect [main] HHH000400: Using dialect: org.hibernate.dialect.MySQL8Dialect
15/mar./2023 12:38:22 INFO org.hibernate.engine.transaction.jta.platform.internal.JtaPlatformInitiator [main] HHH000490: Using JtaPlatform implementation: [org.hibernate.engine.transaction.jta.platform.internal.NoJtaPlatform]
15/mar./2023 12:38:22 INFO org.springframework.orm.jpa.AbstractEntityManagerFactoryBean [main] Initialized JPA EntityManagerFactory for persistence unit 'default'
15/mar./2023 12:38:22 WARN org.springframework.boot.autoconfigure.orm.jpa.JpaBaseConfiguration$JpaWebConfiguration [main] spring.jpa.open-in-view is enabled by default. Therefore, database queries may be performed during view rendering. Explicitly configure spring.jpa.open-in-view to disable this warning
15/mar./2023 12:38:23 INFO org.apache.juli.logging.DirectJDKLog [main] Starting ProtocolHandler ["http-nio-8081"]
15/mar./2023 12:38:23 INFO org.springframework.boot.web.embedded.tomcat.TomcatWebServer [main] Tomcat started on port(s): 8081 (http) with context path '/mattmdb-1.0-SNAPSHOT/api/v2'
15/mar./2023 12:38:23 INFO org.springframework.boot.StartupInfoLogger [main] Started MattmdbApplication in 4.523 seconds (JVM running for 5.846)
15/mar./2023 12:38:46 INFO org.springframework.orm.jpa.AbstractEntityManagerFactoryBean [SpringApplicationShutdownHook] Closing JPA EntityManagerFactory for persistence unit 'default'
15/mar./2023 12:38:46 INFO com.zaxxer.hikari.HikariDataSource [SpringApplicationShutdownHook] HikariPool-1 - Shutdown initiated...
15/mar./2023 12:38:46 INFO com.zaxxer.hikari.HikariDataSource [SpringApplicationShutdownHook] HikariPool-1 - Shutdown completed.
15/mar./2023 12:38:54 INFO org.hibernate.validator.internal.util.Version [background-preinit] HV000001: Hibernate Validator 6.2.5.Final
15/mar./2023 12:38:54 INFO org.springframework.boot.StartupInfoLogger [main] Starting MattmdbApplication using Java 11.0.18 on NBOOT42 with PID 5260 (C:\Users\mabossio\Desktop\Bootcamp\Proyecto\back\spring\mattmdb\target\classes started by mabossio in C:\Users\mabossio\Desktop\Bootcamp\Proyecto\back\spring\mattmdb)
15/mar./2023 12:38:54 INFO org.springframework.boot.SpringApplication [main] No active profile set, falling back to 1 default profile: "default"
15/mar./2023 12:38:55 INFO org.springframework.data.repository.config.RepositoryConfigurationDelegate [main] Bootstrapping Spring Data JPA repositories in DEFAULT mode.
15/mar./2023 12:38:55 INFO org.springframework.data.repository.config.RepositoryConfigurationDelegate [main] Finished Spring Data repository scanning in 9 ms. Found 0 JPA repository interfaces.
15/mar./2023 12:38:55 INFO org.springframework.boot.web.embedded.tomcat.TomcatWebServer [main] Tomcat initialized with port(s): 8081 (http)
15/mar./2023 12:38:55 INFO org.apache.juli.logging.DirectJDKLog [main] Initializing ProtocolHandler ["http-nio-8081"]
15/mar./2023 12:38:55 INFO org.apache.juli.logging.DirectJDKLog [main] Starting service [Tomcat]
15/mar./2023 12:38:55 INFO org.apache.juli.logging.DirectJDKLog [main] Starting Servlet engine: [Apache Tomcat/9.0.71]
15/mar./2023 12:38:55 INFO org.apache.juli.logging.DirectJDKLog [main] Initializing Spring embedded WebApplicationContext
15/mar./2023 12:38:55 INFO org.springframework.boot.web.servlet.context.ServletWebServerApplicationContext [main] Root WebApplicationContext: initialization completed in 1484 ms
15/mar./2023 12:38:55 INFO org.hibernate.jpa.internal.util.LogHelper [main] HHH000204: Processing PersistenceUnitInfo [name: default]
15/mar./2023 12:38:55 INFO org.hibernate.Version [main] HHH000412: Hibernate ORM core version 5.6.15.Final
15/mar./2023 12:38:56 INFO org.hibernate.annotations.common.reflection.java.JavaReflectionManager [main] HCANN000001: Hibernate Commons Annotations {5.1.2.Final}
15/mar./2023 12:38:56 INFO com.zaxxer.hikari.HikariDataSource [main] HikariPool-1 - Starting...
15/mar./2023 12:38:56 INFO com.zaxxer.hikari.HikariDataSource [main] HikariPool-1 - Start completed.
15/mar./2023 12:38:56 INFO org.hibernate.dialect.Dialect [main] HHH000400: Using dialect: org.hibernate.dialect.MySQL8Dialect
15/mar./2023 12:38:56 INFO org.hibernate.engine.transaction.jta.platform.internal.JtaPlatformInitiator [main] HHH000490: Using JtaPlatform implementation: [org.hibernate.engine.transaction.jta.platform.internal.NoJtaPlatform]
15/mar./2023 12:38:56 INFO org.springframework.orm.jpa.AbstractEntityManagerFactoryBean [main] Initialized JPA EntityManagerFactory for persistence unit 'default'
15/mar./2023 12:38:56 WARN org.springframework.boot.autoconfigure.orm.jpa.JpaBaseConfiguration$JpaWebConfiguration [main] spring.jpa.open-in-view is enabled by default. Therefore, database queries may be performed during view rendering. Explicitly configure spring.jpa.open-in-view to disable this warning
15/mar./2023 12:38:57 INFO org.apache.juli.logging.DirectJDKLog [main] Starting ProtocolHandler ["http-nio-8081"]
15/mar./2023 12:38:57 INFO org.springframework.boot.web.embedded.tomcat.TomcatWebServer [main] Tomcat started on port(s): 8081 (http) with context path '/mattmdb-1.0-SNAPSHOT/api/v2'
15/mar./2023 12:38:57 INFO org.springframework.boot.StartupInfoLogger [main] Started MattmdbApplication in 3.722 seconds (JVM running for 4.869)
15/mar./2023 12:39:14 INFO org.springframework.orm.jpa.AbstractEntityManagerFactoryBean [SpringApplicationShutdownHook] Closing JPA EntityManagerFactory for persistence unit 'default'
15/mar./2023 12:39:14 INFO com.zaxxer.hikari.HikariDataSource [SpringApplicationShutdownHook] HikariPool-1 - Shutdown initiated...
15/mar./2023 12:39:14 INFO com.zaxxer.hikari.HikariDataSource [SpringApplicationShutdownHook] HikariPool-1 - Shutdown completed.
15/mar./2023 12:39:20 INFO org.springframework.boot.StartupInfoLogger [main] Starting MattmdbApplication using Java 11.0.18 on NBOOT42 with PID 19140 (C:\Users\mabossio\Desktop\Bootcamp\Proyecto\back\spring\mattmdb\target\classes started by mabossio in C:\Users\mabossio\Desktop\Bootcamp\Proyecto\back\spring\mattmdb)
15/mar./2023 12:39:20 INFO org.hibernate.validator.internal.util.Version [background-preinit] HV000001: Hibernate Validator 6.2.5.Final
15/mar./2023 12:39:20 INFO org.springframework.boot.SpringApplication [main] No active profile set, falling back to 1 default profile: "default"
15/mar./2023 12:39:21 INFO org.springframework.data.repository.config.RepositoryConfigurationDelegate [main] Bootstrapping Spring Data JPA repositories in DEFAULT mode.
15/mar./2023 12:39:21 INFO org.springframework.data.repository.config.RepositoryConfigurationDelegate [main] Finished Spring Data repository scanning in 9 ms. Found 0 JPA repository interfaces.
15/mar./2023 12:39:21 INFO org.springframework.boot.web.embedded.tomcat.TomcatWebServer [main] Tomcat initialized with port(s): 8081 (http)
15/mar./2023 12:39:21 INFO org.apache.juli.logging.DirectJDKLog [main] Initializing ProtocolHandler ["http-nio-8081"]
15/mar./2023 12:39:21 INFO org.apache.juli.logging.DirectJDKLog [main] Starting service [Tomcat]
15/mar./2023 12:39:21 INFO org.apache.juli.logging.DirectJDKLog [main] Starting Servlet engine: [Apache Tomcat/9.0.71]
15/mar./2023 12:39:21 INFO org.apache.juli.logging.DirectJDKLog [main] Initializing Spring embedded WebApplicationContext
15/mar./2023 12:39:21 INFO org.springframework.boot.web.servlet.context.ServletWebServerApplicationContext [main] Root WebApplicationContext: initialization completed in 1368 ms
15/mar./2023 12:39:22 INFO org.hibernate.jpa.internal.util.LogHelper [main] HHH000204: Processing PersistenceUnitInfo [name: default]
15/mar./2023 12:39:22 INFO org.hibernate.Version [main] HHH000412: Hibernate ORM core version 5.6.15.Final
15/mar./2023 12:39:22 INFO org.hibernate.annotations.common.reflection.java.JavaReflectionManager [main] HCANN000001: Hibernate Commons Annotations {5.1.2.Final}
15/mar./2023 12:39:22 INFO com.zaxxer.hikari.HikariDataSource [main] HikariPool-1 - Starting...
15/mar./2023 12:39:22 INFO com.zaxxer.hikari.HikariDataSource [main] HikariPool-1 - Start completed.
15/mar./2023 12:39:22 INFO org.hibernate.dialect.Dialect [main] HHH000400: Using dialect: org.hibernate.dialect.MySQL8Dialect
15/mar./2023 12:39:23 INFO org.hibernate.engine.transaction.jta.platform.internal.JtaPlatformInitiator [main] HHH000490: Using JtaPlatform implementation: [org.hibernate.engine.transaction.jta.platform.internal.NoJtaPlatform]
15/mar./2023 12:39:23 INFO org.springframework.orm.jpa.AbstractEntityManagerFactoryBean [main] Initialized JPA EntityManagerFactory for persistence unit 'default'
15/mar./2023 12:39:23 WARN org.springframework.boot.autoconfigure.orm.jpa.JpaBaseConfiguration$JpaWebConfiguration [main] spring.jpa.open-in-view is enabled by default. Therefore, database queries may be performed during view rendering. Explicitly configure spring.jpa.open-in-view to disable this warning
15/mar./2023 12:39:23 INFO org.apache.juli.logging.DirectJDKLog [main] Starting ProtocolHandler ["http-nio-8081"]
15/mar./2023 12:39:23 INFO org.springframework.boot.web.embedded.tomcat.TomcatWebServer [main] Tomcat started on port(s): 8081 (http) with context path '/mattmdb-1.0-SNAPSHOT/api/v2'
15/mar./2023 12:39:23 INFO org.springframework.boot.StartupInfoLogger [main] Started MattmdbApplication in 3.611 seconds (JVM running for 4.52)
15/mar./2023 12:39:34 INFO org.springframework.orm.jpa.AbstractEntityManagerFactoryBean [SpringApplicationShutdownHook] Closing JPA EntityManagerFactory for persistence unit 'default'
15/mar./2023 12:39:34 INFO com.zaxxer.hikari.HikariDataSource [SpringApplicationShutdownHook] HikariPool-1 - Shutdown initiated...
15/mar./2023 12:39:34 INFO com.zaxxer.hikari.HikariDataSource [SpringApplicationShutdownHook] HikariPool-1 - Shutdown completed.
15/mar./2023 12:39:41 INFO org.springframework.boot.StartupInfoLogger [main] Starting MattmdbApplication using Java 11.0.18 on NBOOT42 with PID 2240 (C:\Users\mabossio\Desktop\Bootcamp\Proyecto\back\spring\mattmdb\target\classes started by mabossio in C:\Users\mabossio\Desktop\Bootcamp\Proyecto\back\spring\mattmdb)
15/mar./2023 12:39:41 INFO org.hibernate.validator.internal.util.Version [background-preinit] HV000001: Hibernate Validator 6.2.5.Final
15/mar./2023 12:39:41 INFO org.springframework.boot.SpringApplication [main] No active profile set, falling back to 1 default profile: "default"
15/mar./2023 12:39:42 INFO org.springframework.data.repository.config.RepositoryConfigurationDelegate [main] Bootstrapping Spring Data JPA repositories in DEFAULT mode.
15/mar./2023 12:39:42 INFO org.springframework.data.repository.config.RepositoryConfigurationDelegate [main] Finished Spring Data repository scanning in 10 ms. Found 0 JPA repository interfaces.
15/mar./2023 12:39:42 INFO org.springframework.boot.web.embedded.tomcat.TomcatWebServer [main] Tomcat initialized with port(s): 8081 (http)
15/mar./2023 12:39:42 INFO org.apache.juli.logging.DirectJDKLog [main] Initializing ProtocolHandler ["http-nio-8081"]
15/mar./2023 12:39:42 INFO org.apache.juli.logging.DirectJDKLog [main] Starting service [Tomcat]
15/mar./2023 12:39:42 INFO org.apache.juli.logging.DirectJDKLog [main] Starting Servlet engine: [Apache Tomcat/9.0.71]
15/mar./2023 12:39:43 INFO org.apache.juli.logging.DirectJDKLog [main] Initializing Spring embedded WebApplicationContext
15/mar./2023 12:39:43 INFO org.springframework.boot.web.servlet.context.ServletWebServerApplicationContext [main] Root WebApplicationContext: initialization completed in 1763 ms
15/mar./2023 12:39:43 INFO org.hibernate.jpa.internal.util.LogHelper [main] HHH000204: Processing PersistenceUnitInfo [name: default]
15/mar./2023 12:39:43 INFO org.hibernate.Version [main] HHH000412: Hibernate ORM core version 5.6.15.Final
15/mar./2023 12:39:43 INFO org.hibernate.annotations.common.reflection.java.JavaReflectionManager [main] HCANN000001: Hibernate Commons Annotations {5.1.2.Final}
15/mar./2023 12:39:43 INFO com.zaxxer.hikari.HikariDataSource [main] HikariPool-1 - Starting...
15/mar./2023 12:39:43 INFO com.zaxxer.hikari.HikariDataSource [main] HikariPool-1 - Start completed.
15/mar./2023 12:39:43 INFO org.hibernate.dialect.Dialect [main] HHH000400: Using dialect: org.hibernate.dialect.MySQL8Dialect
15/mar./2023 12:39:44 INFO org.hibernate.engine.transaction.jta.platform.internal.JtaPlatformInitiator [main] HHH000490: Using JtaPlatform implementation: [org.hibernate.engine.transaction.jta.platform.internal.NoJtaPlatform]
15/mar./2023 12:39:44 INFO org.springframework.orm.jpa.AbstractEntityManagerFactoryBean [main] Initialized JPA EntityManagerFactory for persistence unit 'default'
15/mar./2023 12:39:44 WARN org.springframework.boot.autoconfigure.orm.jpa.JpaBaseConfiguration$JpaWebConfiguration [main] spring.jpa.open-in-view is enabled by default. Therefore, database queries may be performed during view rendering. Explicitly configure spring.jpa.open-in-view to disable this warning
15/mar./2023 12:39:44 INFO org.apache.juli.logging.DirectJDKLog [main] Starting ProtocolHandler ["http-nio-8081"]
15/mar./2023 12:39:44 INFO org.springframework.boot.web.embedded.tomcat.TomcatWebServer [main] Tomcat started on port(s): 8081 (http) with context path '/mattmdb-1.0-SNAPSHOT/api/v2'
15/mar./2023 12:39:44 INFO org.springframework.boot.StartupInfoLogger [main] Started MattmdbApplication in 4.001 seconds (JVM running for 4.978)
15/mar./2023 12:40:06 INFO org.springframework.orm.jpa.AbstractEntityManagerFactoryBean [SpringApplicationShutdownHook] Closing JPA EntityManagerFactory for persistence unit 'default'
15/mar./2023 12:40:06 INFO com.zaxxer.hikari.HikariDataSource [SpringApplicationShutdownHook] HikariPool-1 - Shutdown initiated...
15/mar./2023 12:40:06 INFO com.zaxxer.hikari.HikariDataSource [SpringApplicationShutdownHook] HikariPool-1 - Shutdown completed.
15/mar./2023 12:40:14 INFO org.hibernate.validator.internal.util.Version [background-preinit] HV000001: Hibernate Validator 6.2.5.Final
15/mar./2023 12:40:14 INFO org.springframework.boot.StartupInfoLogger [main] Starting MattmdbApplication using Java 11.0.18 on NBOOT42 with PID 11464 (C:\Users\mabossio\Desktop\Bootcamp\Proyecto\back\spring\mattmdb\target\classes started by mabossio in C:\Users\mabossio\Desktop\Bootcamp\Proyecto\back\spring\mattmdb)
15/mar./2023 12:40:14 INFO org.springframework.boot.SpringApplication [main] No active profile set, falling back to 1 default profile: "default"
15/mar./2023 12:40:15 INFO org.springframework.data.repository.config.RepositoryConfigurationDelegate [main] Bootstrapping Spring Data JPA repositories in DEFAULT mode.
15/mar./2023 12:40:15 INFO org.springframework.data.repository.config.RepositoryConfigurationDelegate [main] Finished Spring Data repository scanning in 9 ms. Found 0 JPA repository interfaces.
15/mar./2023 12:40:15 INFO org.springframework.boot.web.embedded.tomcat.TomcatWebServer [main] Tomcat initialized with port(s): 8081 (http)
15/mar./2023 12:40:15 INFO org.apache.juli.logging.DirectJDKLog [main] Initializing ProtocolHandler ["http-nio-8081"]
15/mar./2023 12:40:15 INFO org.apache.juli.logging.DirectJDKLog [main] Starting service [Tomcat]
15/mar./2023 12:40:15 INFO org.apache.juli.logging.DirectJDKLog [main] Starting Servlet engine: [Apache Tomcat/9.0.71]
15/mar./2023 12:40:15 INFO org.apache.juli.logging.DirectJDKLog [main] Initializing Spring embedded WebApplicationContext
15/mar./2023 12:40:15 INFO org.springframework.boot.web.servlet.context.ServletWebServerApplicationContext [main] Root WebApplicationContext: initialization completed in 1402 ms
15/mar./2023 12:40:15 INFO org.hibernate.jpa.internal.util.LogHelper [main] HHH000204: Processing PersistenceUnitInfo [name: default]
15/mar./2023 12:40:15 INFO org.hibernate.Version [main] HHH000412: Hibernate ORM core version 5.6.15.Final
15/mar./2023 12:40:15 INFO org.hibernate.annotations.common.reflection.java.JavaReflectionManager [main] HCANN000001: Hibernate Commons Annotations {5.1.2.Final}
15/mar./2023 12:40:15 INFO com.zaxxer.hikari.HikariDataSource [main] HikariPool-1 - Starting...
15/mar./2023 12:40:16 INFO com.zaxxer.hikari.HikariDataSource [main] HikariPool-1 - Start completed.
15/mar./2023 12:40:16 INFO org.hibernate.dialect.Dialect [main] HHH000400: Using dialect: org.hibernate.dialect.MySQL8Dialect
15/mar./2023 12:40:16 INFO org.hibernate.engine.transaction.jta.platform.internal.JtaPlatformInitiator [main] HHH000490: Using JtaPlatform implementation: [org.hibernate.engine.transaction.jta.platform.internal.NoJtaPlatform]
15/mar./2023 12:40:16 INFO org.springframework.orm.jpa.AbstractEntityManagerFactoryBean [main] Initialized JPA EntityManagerFactory for persistence unit 'default'
15/mar./2023 12:40:16 WARN org.springframework.boot.autoconfigure.orm.jpa.JpaBaseConfiguration$JpaWebConfiguration [main] spring.jpa.open-in-view is enabled by default. Therefore, database queries may be performed during view rendering. Explicitly configure spring.jpa.open-in-view to disable this warning
15/mar./2023 12:40:17 INFO org.apache.juli.logging.DirectJDKLog [main] Starting ProtocolHandler ["http-nio-8081"]
15/mar./2023 12:40:17 INFO org.springframework.boot.web.embedded.tomcat.TomcatWebServer [main] Tomcat started on port(s): 8081 (http) with context path '/mattmdb-1.0-SNAPSHOT/api/v2'
15/mar./2023 12:40:17 INFO org.springframework.boot.StartupInfoLogger [main] Started MattmdbApplication in 3.741 seconds (JVM running for 4.834)
15/mar./2023 04:30:57 INFO org.springframework.orm.jpa.AbstractEntityManagerFactoryBean [SpringApplicationShutdownHook] Closing JPA EntityManagerFactory for persistence unit 'default'
15/mar./2023 04:30:57 INFO com.zaxxer.hikari.HikariDataSource [SpringApplicationShutdownHook] HikariPool-1 - Shutdown initiated...
15/mar./2023 04:30:57 INFO com.zaxxer.hikari.HikariDataSource [SpringApplicationShutdownHook] HikariPool-1 - Shutdown completed.
15/mar./2023 04:31:05 INFO org.springframework.boot.StartupInfoLogger [main] Starting MattmdbApplication using Java 11.0.18 on NBOOT42 with PID 32384 (C:\Users\mabossio\Desktop\Bootcamp\Proyecto\back\spring\mattmdb\target\classes started by mabossio in C:\Users\mabossio\Desktop\Bootcamp\Proyecto\back\spring\mattmdb)
15/mar./2023 04:31:05 INFO org.hibernate.validator.internal.util.Version [background-preinit] HV000001: Hibernate Validator 6.2.5.Final
15/mar./2023 04:31:05 INFO org.springframework.boot.SpringApplication [main] No active profile set, falling back to 1 default profile: "default"
15/mar./2023 04:31:05 INFO org.springframework.data.repository.config.RepositoryConfigurationDelegate [main] Bootstrapping Spring Data JPA repositories in DEFAULT mode.
15/mar./2023 04:31:05 INFO org.springframework.data.repository.config.RepositoryConfigurationDelegate [main] Finished Spring Data repository scanning in 8 ms. Found 0 JPA repository interfaces.
15/mar./2023 04:31:06 INFO org.springframework.boot.web.embedded.tomcat.TomcatWebServer [main] Tomcat initialized with port(s): 8081 (http)
15/mar./2023 04:31:06 INFO org.apache.juli.logging.DirectJDKLog [main] Initializing ProtocolHandler ["http-nio-8081"]
15/mar./2023 04:31:06 INFO org.apache.juli.logging.DirectJDKLog [main] Starting service [Tomcat]
15/mar./2023 04:31:06 INFO org.apache.juli.logging.DirectJDKLog [main] Starting Servlet engine: [Apache Tomcat/9.0.71]
15/mar./2023 04:31:06 INFO org.apache.juli.logging.DirectJDKLog [main] Initializing Spring embedded WebApplicationContext
15/mar./2023 04:31:06 INFO org.springframework.boot.web.servlet.context.ServletWebServerApplicationContext [main] Root WebApplicationContext: initialization completed in 1069 ms
15/mar./2023 04:31:06 INFO org.hibernate.jpa.internal.util.LogHelper [main] HHH000204: Processing PersistenceUnitInfo [name: default]
15/mar./2023 04:31:06 INFO org.hibernate.Version [main] HHH000412: Hibernate ORM core version 5.6.15.Final
15/mar./2023 04:31:06 INFO org.hibernate.annotations.common.reflection.java.JavaReflectionManager [main] HCANN000001: Hibernate Commons Annotations {5.1.2.Final}
15/mar./2023 04:31:06 INFO com.zaxxer.hikari.HikariDataSource [main] HikariPool-1 - Starting...
15/mar./2023 04:31:06 INFO com.zaxxer.hikari.HikariDataSource [main] HikariPool-1 - Start completed.
15/mar./2023 04:31:06 INFO org.hibernate.dialect.Dialect [main] HHH000400: Using dialect: org.hibernate.dialect.MySQL8Dialect
15/mar./2023 04:31:07 INFO org.hibernate.engine.transaction.jta.platform.internal.JtaPlatformInitiator [main] HHH000490: Using JtaPlatform implementation: [org.hibernate.engine.transaction.jta.platform.internal.NoJtaPlatform]
15/mar./2023 04:31:07 INFO org.springframework.orm.jpa.AbstractEntityManagerFactoryBean [main] Initialized JPA EntityManagerFactory for persistence unit 'default'
15/mar./2023 04:31:07 WARN org.springframework.boot.autoconfigure.orm.jpa.JpaBaseConfiguration$JpaWebConfiguration [main] spring.jpa.open-in-view is enabled by default. Therefore, database queries may be performed during view rendering. Explicitly configure spring.jpa.open-in-view to disable this warning
15/mar./2023 04:31:07 INFO org.apache.juli.logging.DirectJDKLog [main] Starting ProtocolHandler ["http-nio-8081"]
15/mar./2023 04:31:07 INFO org.springframework.boot.web.embedded.tomcat.TomcatWebServer [main] Tomcat started on port(s): 8081 (http) with context path '/mattmdb-1.0-SNAPSHOT/api/v2'
15/mar./2023 04:31:07 INFO org.springframework.boot.StartupInfoLogger [main] Started MattmdbApplication in 2.977 seconds (JVM running for 4.104)
15/mar./2023 04:32:44 INFO org.springframework.orm.jpa.AbstractEntityManagerFactoryBean [SpringApplicationShutdownHook] Closing JPA EntityManagerFactory for persistence unit 'default'
15/mar./2023 04:32:44 INFO com.zaxxer.hikari.HikariDataSource [SpringApplicationShutdownHook] HikariPool-1 - Shutdown initiated...
15/mar./2023 04:32:44 INFO com.zaxxer.hikari.HikariDataSource [SpringApplicationShutdownHook] HikariPool-1 - Shutdown completed.
