18/jul./2023 04:19:25 INFO org.hibernate.validator.internal.util.Version [background-preinit] HV000001: Hibernate Validator 6.2.5.Final
18/jul./2023 04:19:25 INFO org.springframework.boot.StartupInfoLogger [main] Starting MattmdbApplication using Java 11.0.18 on NBOOT42 with PID 30412 (C:\Users\mabossio\Desktop\Bootcamp\Proyecto\back\spring\mattmdb\target\classes started by mabossio in C:\Users\mabossio\Desktop\Bootcamp\Proyecto\back\spring\mattmdb)
18/jul./2023 04:19:25 INFO org.springframework.boot.SpringApplication [main] No active profile set, falling back to 1 default profile: "default"
18/jul./2023 04:19:28 INFO org.springframework.data.repository.config.RepositoryConfigurationDelegate [main] Bootstrapping Spring Data JPA repositories in DEFAULT mode.
18/jul./2023 04:19:28 INFO org.springframework.data.repository.config.RepositoryConfigurationDelegate [main] Finished Spring Data repository scanning in 262 ms. Found 2 JPA repository interfaces.
18/jul./2023 04:19:31 INFO org.springframework.boot.web.embedded.tomcat.TomcatWebServer [main] Tomcat initialized with port(s): 8080 (http)
18/jul./2023 04:19:31 INFO org.apache.juli.logging.DirectJDKLog [main] Initializing ProtocolHandler ["http-nio-8080"]
18/jul./2023 04:19:31 INFO org.apache.juli.logging.DirectJDKLog [main] Starting service [Tomcat]
18/jul./2023 04:19:31 INFO org.apache.juli.logging.DirectJDKLog [main] Starting Servlet engine: [Apache Tomcat/9.0.71]
18/jul./2023 04:19:32 INFO org.apache.juli.logging.DirectJDKLog [main] Initializing Spring embedded WebApplicationContext
18/jul./2023 04:19:32 INFO org.springframework.boot.web.servlet.context.ServletWebServerApplicationContext [main] Root WebApplicationContext: initialization completed in 6572 ms
18/jul./2023 04:19:35 INFO org.hibernate.jpa.internal.util.LogHelper [main] HHH000204: Processing PersistenceUnitInfo [name: default]
18/jul./2023 04:19:35 INFO org.hibernate.Version [main] HHH000412: Hibernate ORM core version 5.6.15.Final
18/jul./2023 04:19:36 INFO org.hibernate.annotations.common.reflection.java.JavaReflectionManager [main] HCANN000001: Hibernate Commons Annotations {5.1.2.Final}
18/jul./2023 04:19:36 INFO com.zaxxer.hikari.HikariDataSource [main] HikariPool-1 - Starting...
18/jul./2023 04:19:36 INFO com.zaxxer.hikari.HikariDataSource [main] HikariPool-1 - Start completed.
18/jul./2023 04:19:36 INFO org.hibernate.dialect.Dialect [main] HHH000400: Using dialect: org.hibernate.dialect.MySQL8Dialect
18/jul./2023 04:19:38 INFO org.hibernate.engine.transaction.jta.platform.internal.JtaPlatformInitiator [main] HHH000490: Using JtaPlatform implementation: [org.hibernate.engine.transaction.jta.platform.internal.NoJtaPlatform]
18/jul./2023 04:19:38 INFO org.springframework.orm.jpa.AbstractEntityManagerFactoryBean [main] Initialized JPA EntityManagerFactory for persistence unit 'default'
18/jul./2023 04:19:39 WARN org.springframework.boot.autoconfigure.orm.jpa.JpaBaseConfiguration$JpaWebConfiguration [main] spring.jpa.open-in-view is enabled by default. Therefore, database queries may be performed during view rendering. Explicitly configure spring.jpa.open-in-view to disable this warning
18/jul./2023 04:19:39 INFO org.apache.juli.logging.DirectJDKLog [main] Starting ProtocolHandler ["http-nio-8080"]
18/jul./2023 04:19:39 WARN org.springframework.context.support.AbstractApplicationContext [main] Exception encountered during context initialization - cancelling refresh attempt: org.springframework.context.ApplicationContextException: Failed to start bean 'webServerStartStop'; nested exception is org.springframework.boot.web.server.PortInUseException: Port 8080 is already in use
18/jul./2023 04:19:39 INFO org.springframework.orm.jpa.AbstractEntityManagerFactoryBean [main] Closing JPA EntityManagerFactory for persistence unit 'default'
18/jul./2023 04:19:39 INFO com.zaxxer.hikari.HikariDataSource [main] HikariPool-1 - Shutdown initiated...
18/jul./2023 04:19:40 INFO com.zaxxer.hikari.HikariDataSource [main] HikariPool-1 - Shutdown completed.
18/jul./2023 04:19:40 INFO org.apache.juli.logging.DirectJDKLog [main] Pausing ProtocolHandler ["http-nio-8080"]
18/jul./2023 04:19:40 INFO org.apache.juli.logging.DirectJDKLog [main] Stopping service [Tomcat]
18/jul./2023 04:19:40 INFO org.apache.juli.logging.DirectJDKLog [main] Stopping ProtocolHandler ["http-nio-8080"]
18/jul./2023 04:19:40 INFO org.apache.juli.logging.DirectJDKLog [main] Destroying ProtocolHandler ["http-nio-8080"]
18/jul./2023 04:19:40 INFO org.springframework.boot.autoconfigure.logging.ConditionEvaluationReportLoggingListener [main] 

Error starting ApplicationContext. To display the conditions report re-run your application with 'debug' enabled.
18/jul./2023 04:19:40 ERROR org.springframework.boot.diagnostics.LoggingFailureAnalysisReporter [main] 

***************************
APPLICATION FAILED TO START
***************************

Description:

Web server failed to start. Port 8080 was already in use.

Action:

Identify and stop the process that's listening on port 8080 or configure this application to listen on another port.

18/jul./2023 04:20:29 INFO org.hibernate.validator.internal.util.Version [background-preinit] HV000001: Hibernate Validator 6.2.5.Final
18/jul./2023 04:20:29 INFO org.springframework.boot.StartupInfoLogger [main] Starting MattmdbApplication using Java 11.0.18 on NBOOT42 with PID 20200 (C:\Users\mabossio\Desktop\Bootcamp\Proyecto\back\spring\mattmdb\target\classes started by mabossio in C:\Users\mabossio\Desktop\Bootcamp\Proyecto\back\spring\mattmdb)
18/jul./2023 04:20:29 INFO org.springframework.boot.SpringApplication [main] No active profile set, falling back to 1 default profile: "default"
18/jul./2023 04:20:31 INFO org.springframework.data.repository.config.RepositoryConfigurationDelegate [main] Bootstrapping Spring Data JPA repositories in DEFAULT mode.
18/jul./2023 04:20:31 INFO org.springframework.data.repository.config.RepositoryConfigurationDelegate [main] Finished Spring Data repository scanning in 117 ms. Found 2 JPA repository interfaces.
18/jul./2023 04:20:32 INFO org.springframework.boot.web.embedded.tomcat.TomcatWebServer [main] Tomcat initialized with port(s): 8080 (http)
18/jul./2023 04:20:32 INFO org.apache.juli.logging.DirectJDKLog [main] Initializing ProtocolHandler ["http-nio-8080"]
18/jul./2023 04:20:32 INFO org.apache.juli.logging.DirectJDKLog [main] Starting service [Tomcat]
18/jul./2023 04:20:32 INFO org.apache.juli.logging.DirectJDKLog [main] Starting Servlet engine: [Apache Tomcat/9.0.71]
18/jul./2023 04:20:32 INFO org.apache.juli.logging.DirectJDKLog [main] Initializing Spring embedded WebApplicationContext
18/jul./2023 04:20:32 INFO org.springframework.boot.web.servlet.context.ServletWebServerApplicationContext [main] Root WebApplicationContext: initialization completed in 2986 ms
18/jul./2023 04:20:33 INFO org.hibernate.jpa.internal.util.LogHelper [main] HHH000204: Processing PersistenceUnitInfo [name: default]
18/jul./2023 04:20:33 INFO org.hibernate.Version [main] HHH000412: Hibernate ORM core version 5.6.15.Final
18/jul./2023 04:20:33 INFO org.hibernate.annotations.common.reflection.java.JavaReflectionManager [main] HCANN000001: Hibernate Commons Annotations {5.1.2.Final}
18/jul./2023 04:20:33 INFO com.zaxxer.hikari.HikariDataSource [main] HikariPool-1 - Starting...
18/jul./2023 04:20:33 INFO com.zaxxer.hikari.HikariDataSource [main] HikariPool-1 - Start completed.
18/jul./2023 04:20:33 INFO org.hibernate.dialect.Dialect [main] HHH000400: Using dialect: org.hibernate.dialect.MySQL8Dialect
18/jul./2023 04:20:34 INFO org.hibernate.engine.transaction.jta.platform.internal.JtaPlatformInitiator [main] HHH000490: Using JtaPlatform implementation: [org.hibernate.engine.transaction.jta.platform.internal.NoJtaPlatform]
18/jul./2023 04:20:34 INFO org.springframework.orm.jpa.AbstractEntityManagerFactoryBean [main] Initialized JPA EntityManagerFactory for persistence unit 'default'
18/jul./2023 04:20:36 WARN org.springframework.boot.autoconfigure.orm.jpa.JpaBaseConfiguration$JpaWebConfiguration [main] spring.jpa.open-in-view is enabled by default. Therefore, database queries may be performed during view rendering. Explicitly configure spring.jpa.open-in-view to disable this warning
18/jul./2023 04:20:36 INFO org.apache.juli.logging.DirectJDKLog [main] Starting ProtocolHandler ["http-nio-8080"]
18/jul./2023 04:20:36 INFO org.springframework.boot.web.embedded.tomcat.TomcatWebServer [main] Tomcat started on port(s): 8080 (http) with context path '/mattmdb-1.0-SNAPSHOT/api/v2'
18/jul./2023 04:20:37 INFO org.springframework.boot.StartupInfoLogger [main] Started MattmdbApplication in 8.419 seconds (JVM running for 11.818)
18/jul./2023 04:24:18 INFO org.apache.juli.logging.DirectJDKLog [http-nio-8080-exec-1] Initializing Spring DispatcherServlet 'dispatcherServlet'
18/jul./2023 04:24:18 INFO org.springframework.web.servlet.FrameworkServlet [http-nio-8080-exec-1] Initializing Servlet 'dispatcherServlet'
18/jul./2023 04:24:18 INFO org.springframework.web.servlet.FrameworkServlet [http-nio-8080-exec-1] Completed initialization in 3 ms
18/jul./2023 04:28:01 INFO org.apache.juli.logging.DirectJDKLog [http-nio-8080-exec-8] Error parsing HTTP request header
 Note: further occurrences of HTTP request parsing errors will be logged at DEBUG level.
java.lang.IllegalArgumentException: Invalid character found in method name [0x160x030x010x020x000x010x000x010xfc0x030x0350xb0a0x8e%0x1e0xeb/0xb6\0x92M0xce0x0980xdfHk0x010x190xd6g0xbb0xb40x0a0xe6*%0xe50x960x17C ]. HTTP method names must be tokens
	at org.apache.coyote.http11.Http11InputBuffer.parseRequestLine(Http11InputBuffer.java:419)
	at org.apache.coyote.http11.Http11Processor.service(Http11Processor.java:271)
	at org.apache.coyote.AbstractProcessorLight.process(AbstractProcessorLight.java:65)
	at org.apache.coyote.AbstractProtocol$ConnectionHandler.process(AbstractProtocol.java:891)
	at org.apache.tomcat.util.net.NioEndpoint$SocketProcessor.doRun(NioEndpoint.java:1784)
	at org.apache.tomcat.util.net.SocketProcessorBase.run(SocketProcessorBase.java:49)
	at org.apache.tomcat.util.threads.ThreadPoolExecutor.runWorker(ThreadPoolExecutor.java:1191)
	at org.apache.tomcat.util.threads.ThreadPoolExecutor$Worker.run(ThreadPoolExecutor.java:659)
	at org.apache.tomcat.util.threads.TaskThread$WrappingRunnable.run(TaskThread.java:61)
	at java.base/java.lang.Thread.run(Thread.java:829)
18/jul./2023 04:28:01 INFO org.apache.juli.logging.DirectJDKLog [http-nio-8080-exec-7] Error parsing HTTP request header
 Note: further occurrences of HTTP request parsing errors will be logged at DEBUG level.
java.lang.IllegalArgumentException: Invalid character found in method name [0x160x030x010x020x000x010x000x010xfc0x030x030xdc-60xa30x97_0xdc0xa8]0xfb0xbdU0xed0xf0(0xcd0xc90xd4]u0xb2v{]0xdb0x0d0xa80x7fjP0xb6, ]. HTTP method names must be tokens
	at org.apache.coyote.http11.Http11InputBuffer.parseRequestLine(Http11InputBuffer.java:419)
	at org.apache.coyote.http11.Http11Processor.service(Http11Processor.java:271)
	at org.apache.coyote.AbstractProcessorLight.process(AbstractProcessorLight.java:65)
	at org.apache.coyote.AbstractProtocol$ConnectionHandler.process(AbstractProtocol.java:891)
	at org.apache.tomcat.util.net.NioEndpoint$SocketProcessor.doRun(NioEndpoint.java:1784)
	at org.apache.tomcat.util.net.SocketProcessorBase.run(SocketProcessorBase.java:49)
	at org.apache.tomcat.util.threads.ThreadPoolExecutor.runWorker(ThreadPoolExecutor.java:1191)
	at org.apache.tomcat.util.threads.ThreadPoolExecutor$Worker.run(ThreadPoolExecutor.java:659)
	at org.apache.tomcat.util.threads.TaskThread$WrappingRunnable.run(TaskThread.java:61)
	at java.base/java.lang.Thread.run(Thread.java:829)
18/jul./2023 04:42:21 INFO org.springframework.orm.jpa.AbstractEntityManagerFactoryBean [SpringApplicationShutdownHook] Closing JPA EntityManagerFactory for persistence unit 'default'
18/jul./2023 04:42:21 INFO com.zaxxer.hikari.HikariDataSource [SpringApplicationShutdownHook] HikariPool-1 - Shutdown initiated...
18/jul./2023 04:42:21 INFO com.zaxxer.hikari.HikariDataSource [SpringApplicationShutdownHook] HikariPool-1 - Shutdown completed.
18/jul./2023 04:42:35 INFO org.springframework.boot.StartupInfoLogger [main] Starting MattmdbApplication using Java 11.0.18 on NBOOT42 with PID 27304 (C:\Users\mabossio\Desktop\Bootcamp\Proyecto\back\spring\mattmdb\target\classes started by mabossio in C:\Users\mabossio\Desktop\Bootcamp\Proyecto\back\spring\mattmdb)
18/jul./2023 04:42:35 INFO org.hibernate.validator.internal.util.Version [background-preinit] HV000001: Hibernate Validator 6.2.5.Final
18/jul./2023 04:42:35 INFO org.springframework.boot.SpringApplication [main] No active profile set, falling back to 1 default profile: "default"
18/jul./2023 04:42:36 INFO org.springframework.data.repository.config.RepositoryConfigurationDelegate [main] Bootstrapping Spring Data JPA repositories in DEFAULT mode.
18/jul./2023 04:42:36 INFO org.springframework.data.repository.config.RepositoryConfigurationDelegate [main] Finished Spring Data repository scanning in 123 ms. Found 2 JPA repository interfaces.
18/jul./2023 04:42:37 INFO org.springframework.boot.web.embedded.tomcat.TomcatWebServer [main] Tomcat initialized with port(s): 8081 (http)
18/jul./2023 04:42:37 INFO org.apache.juli.logging.DirectJDKLog [main] Initializing ProtocolHandler ["http-nio-8081"]
18/jul./2023 04:42:37 INFO org.apache.juli.logging.DirectJDKLog [main] Starting service [Tomcat]
18/jul./2023 04:42:37 INFO org.apache.juli.logging.DirectJDKLog [main] Starting Servlet engine: [Apache Tomcat/9.0.71]
18/jul./2023 04:42:37 INFO org.apache.juli.logging.DirectJDKLog [main] Initializing Spring embedded WebApplicationContext
18/jul./2023 04:42:37 INFO org.springframework.boot.web.servlet.context.ServletWebServerApplicationContext [main] Root WebApplicationContext: initialization completed in 2440 ms
18/jul./2023 04:42:37 INFO org.hibernate.jpa.internal.util.LogHelper [main] HHH000204: Processing PersistenceUnitInfo [name: default]
18/jul./2023 04:42:37 INFO org.hibernate.Version [main] HHH000412: Hibernate ORM core version 5.6.15.Final
18/jul./2023 04:42:37 INFO org.hibernate.annotations.common.reflection.java.JavaReflectionManager [main] HCANN000001: Hibernate Commons Annotations {5.1.2.Final}
18/jul./2023 04:42:38 INFO com.zaxxer.hikari.HikariDataSource [main] HikariPool-1 - Starting...
18/jul./2023 04:42:38 INFO com.zaxxer.hikari.HikariDataSource [main] HikariPool-1 - Start completed.
18/jul./2023 04:42:38 INFO org.hibernate.dialect.Dialect [main] HHH000400: Using dialect: org.hibernate.dialect.MySQL8Dialect
18/jul./2023 04:42:39 INFO org.hibernate.engine.transaction.jta.platform.internal.JtaPlatformInitiator [main] HHH000490: Using JtaPlatform implementation: [org.hibernate.engine.transaction.jta.platform.internal.NoJtaPlatform]
18/jul./2023 04:42:39 INFO org.springframework.orm.jpa.AbstractEntityManagerFactoryBean [main] Initialized JPA EntityManagerFactory for persistence unit 'default'
18/jul./2023 04:42:40 WARN org.springframework.boot.autoconfigure.orm.jpa.JpaBaseConfiguration$JpaWebConfiguration [main] spring.jpa.open-in-view is enabled by default. Therefore, database queries may be performed during view rendering. Explicitly configure spring.jpa.open-in-view to disable this warning
18/jul./2023 04:42:40 INFO org.apache.juli.logging.DirectJDKLog [main] Starting ProtocolHandler ["http-nio-8081"]
18/jul./2023 04:42:40 INFO org.springframework.boot.web.embedded.tomcat.TomcatWebServer [main] Tomcat started on port(s): 8081 (http) with context path '/mattmdb-1.0-SNAPSHOT/api/v2'
18/jul./2023 04:42:40 INFO org.springframework.boot.StartupInfoLogger [main] Started MattmdbApplication in 6.483 seconds (JVM running for 10.63)
18/jul./2023 04:42:43 INFO org.apache.juli.logging.DirectJDKLog [http-nio-8081-exec-1] Initializing Spring DispatcherServlet 'dispatcherServlet'
18/jul./2023 04:42:43 INFO org.springframework.web.servlet.FrameworkServlet [http-nio-8081-exec-1] Initializing Servlet 'dispatcherServlet'
18/jul./2023 04:42:43 INFO org.springframework.web.servlet.FrameworkServlet [http-nio-8081-exec-1] Completed initialization in 5 ms
18/jul./2023 04:45:40 INFO org.springframework.orm.jpa.AbstractEntityManagerFactoryBean [SpringApplicationShutdownHook] Closing JPA EntityManagerFactory for persistence unit 'default'
18/jul./2023 04:45:40 INFO com.zaxxer.hikari.HikariDataSource [SpringApplicationShutdownHook] HikariPool-1 - Shutdown initiated...
18/jul./2023 04:45:40 INFO com.zaxxer.hikari.HikariDataSource [SpringApplicationShutdownHook] HikariPool-1 - Shutdown completed.
18/jul./2023 04:45:49 INFO org.springframework.boot.StartupInfoLogger [main] Starting MattmdbApplication using Java 11.0.18 on NBOOT42 with PID 28068 (C:\Users\mabossio\Desktop\Bootcamp\Proyecto\back\spring\mattmdb\target\classes started by mabossio in C:\Users\mabossio\Desktop\Bootcamp\Proyecto\back\spring\mattmdb)
18/jul./2023 04:45:49 INFO org.hibernate.validator.internal.util.Version [background-preinit] HV000001: Hibernate Validator 6.2.5.Final
18/jul./2023 04:45:49 INFO org.springframework.boot.SpringApplication [main] No active profile set, falling back to 1 default profile: "default"
18/jul./2023 04:45:50 INFO org.springframework.data.repository.config.RepositoryConfigurationDelegate [main] Bootstrapping Spring Data JPA repositories in DEFAULT mode.
18/jul./2023 04:45:50 INFO org.springframework.data.repository.config.RepositoryConfigurationDelegate [main] Finished Spring Data repository scanning in 89 ms. Found 2 JPA repository interfaces.
18/jul./2023 04:45:51 INFO org.springframework.boot.web.embedded.tomcat.TomcatWebServer [main] Tomcat initialized with port(s): 8080 (http)
18/jul./2023 04:45:51 INFO org.apache.juli.logging.DirectJDKLog [main] Initializing ProtocolHandler ["http-nio-8080"]
18/jul./2023 04:45:51 INFO org.apache.juli.logging.DirectJDKLog [main] Starting service [Tomcat]
18/jul./2023 04:45:51 INFO org.apache.juli.logging.DirectJDKLog [main] Starting Servlet engine: [Apache Tomcat/9.0.71]
18/jul./2023 04:45:51 INFO org.apache.juli.logging.DirectJDKLog [main] Initializing Spring embedded WebApplicationContext
18/jul./2023 04:45:51 INFO org.springframework.boot.web.servlet.context.ServletWebServerApplicationContext [main] Root WebApplicationContext: initialization completed in 2238 ms
18/jul./2023 04:45:51 INFO org.hibernate.jpa.internal.util.LogHelper [main] HHH000204: Processing PersistenceUnitInfo [name: default]
18/jul./2023 04:45:51 INFO org.hibernate.Version [main] HHH000412: Hibernate ORM core version 5.6.15.Final
18/jul./2023 04:45:51 INFO org.hibernate.annotations.common.reflection.java.JavaReflectionManager [main] HCANN000001: Hibernate Commons Annotations {5.1.2.Final}
18/jul./2023 04:45:52 INFO com.zaxxer.hikari.HikariDataSource [main] HikariPool-1 - Starting...
18/jul./2023 04:45:52 INFO com.zaxxer.hikari.HikariDataSource [main] HikariPool-1 - Start completed.
18/jul./2023 04:45:52 INFO org.hibernate.dialect.Dialect [main] HHH000400: Using dialect: org.hibernate.dialect.MySQL8Dialect
18/jul./2023 04:45:53 INFO org.hibernate.engine.transaction.jta.platform.internal.JtaPlatformInitiator [main] HHH000490: Using JtaPlatform implementation: [org.hibernate.engine.transaction.jta.platform.internal.NoJtaPlatform]
18/jul./2023 04:45:53 INFO org.springframework.orm.jpa.AbstractEntityManagerFactoryBean [main] Initialized JPA EntityManagerFactory for persistence unit 'default'
18/jul./2023 04:45:53 WARN org.springframework.boot.autoconfigure.orm.jpa.JpaBaseConfiguration$JpaWebConfiguration [main] spring.jpa.open-in-view is enabled by default. Therefore, database queries may be performed during view rendering. Explicitly configure spring.jpa.open-in-view to disable this warning
18/jul./2023 04:45:54 INFO org.apache.juli.logging.DirectJDKLog [main] Starting ProtocolHandler ["http-nio-8080"]
18/jul./2023 04:45:54 INFO org.springframework.boot.web.embedded.tomcat.TomcatWebServer [main] Tomcat started on port(s): 8080 (http) with context path '/mattmdb-1.0-SNAPSHOT/api/v2'
18/jul./2023 04:45:54 INFO org.springframework.boot.StartupInfoLogger [main] Started MattmdbApplication in 6.171 seconds (JVM running for 7.976)
18/jul./2023 04:45:58 INFO org.apache.juli.logging.DirectJDKLog [http-nio-8080-exec-1] Initializing Spring DispatcherServlet 'dispatcherServlet'
18/jul./2023 04:45:58 INFO org.springframework.web.servlet.FrameworkServlet [http-nio-8080-exec-1] Initializing Servlet 'dispatcherServlet'
18/jul./2023 04:45:58 INFO org.springframework.web.servlet.FrameworkServlet [http-nio-8080-exec-1] Completed initialization in 4 ms
18/jul./2023 04:46:54 WARN ar.com.matiabossio.mattmdb.exception.ApiExceptionHandler [http-nio-8080-exec-5] 403 Please, check your password. Error calling: UserController.updateUser().
18/jul./2023 04:49:03 WARN ar.com.matiabossio.mattmdb.exception.ApiExceptionHandler [http-nio-8080-exec-3] 403 Please, check your password. Error calling: UserController.updateUser().
18/jul./2023 05:06:46 INFO org.springframework.orm.jpa.AbstractEntityManagerFactoryBean [SpringApplicationShutdownHook] Closing JPA EntityManagerFactory for persistence unit 'default'
18/jul./2023 05:06:46 INFO com.zaxxer.hikari.HikariDataSource [SpringApplicationShutdownHook] HikariPool-1 - Shutdown initiated...
18/jul./2023 05:06:46 INFO com.zaxxer.hikari.HikariDataSource [SpringApplicationShutdownHook] HikariPool-1 - Shutdown completed.
